<?xml version="1.0" encoding="UTF-8"?>
<testng-results ignored="0" total="1" passed="1" failed="0" skipped="0">
  <reporter-output>
  </reporter-output>
  <suite started-at="2023-03-23T13:33:59 PDT" name="Default suite" finished-at="2023-03-23T13:34:14 PDT" duration-ms="15294">
    <groups>
    </groups>
    <test started-at="2023-03-23T13:33:59 PDT" name="Default test" finished-at="2023-03-23T13:34:14 PDT" duration-ms="15294">
      <class name="Test.CreateGmailAccountTest">
        <test-method is-config="true" signature="setup()[pri:0, instance:Test.CreateGmailAccountTest@55183b20]" started-at="2023-03-23T13:33:52 PDT" name="setup" finished-at="2023-03-23T13:33:59 PDT" duration-ms="6570" status="PASS">
          <reporter-output>
          </reporter-output>
        </test-method> <!-- setup -->
        <test-method signature="creategmailaccounttest(java.lang.String,java.lang.String,java.lang.String,java.lang.String,java.lang.String,java.lang.String)[pri:0, instance:Test.CreateGmailAccountTest@55183b20]" started-at="2023-03-23T13:33:59 PDT" name="creategmailaccounttest" data-provider="gm" finished-at="2023-03-23T13:34:14 PDT" duration-ms="14606" status="PASS">
          <params>
            <param index="0">
              <value>
                <![CDATA[Johny]]>
              </value>
            </param>
            <param index="1">
              <value>
                <![CDATA[Bidener]]>
              </value>
            </param>
            <param index="2">
              <value>
                <![CDATA[cascadsadsc121]]>
              </value>
            </param>
            <param index="3">
              <value>
                <![CDATA[12@33cdcsA]]>
              </value>
            </param>
            <param index="4">
              <value>
                <![CDATA[12@33cdcsA]]>
              </value>
            </param>
            <param index="5">
              <value>
                <![CDATA[(347) 439-3473]]>
              </value>
            </param>
          </params>
          <reporter-output>
          </reporter-output>
        </test-method> <!-- creategmailaccounttest -->
        <test-method is-config="true" signature="quitDriver()[pri:0, instance:Test.CreateGmailAccountTest@55183b20]" started-at="2023-03-23T13:34:14 PDT" name="quitDriver" finished-at="2023-03-23T13:34:18 PDT" duration-ms="4006" status="PASS">
          <reporter-output>
          </reporter-output>
        </test-method> <!-- quitDriver -->
      </class> <!-- Test.CreateGmailAccountTest -->
    </test> <!-- Default test -->
  </suite> <!-- Default suite -->
</testng-results>
